Build started 18.01.2015 01:20:59.
     1>Project "C:\Users\Urmimala\Desktop\Thesis\Fourth Phase - Programming\Programs\Introduction\Build\HelloWorld.vcxproj" on node 3 (build target(s)).
     1>InitializeBuildStatus:
         Touching "HelloWorld.dir\Debug\HelloWorld.unsuccessfulbuild".
       CustomBuild:
         All outputs are up-to-date.
       ClCompile:
         All outputs are up-to-date.
       ManifestResourceCompile:
         All outputs are up-to-date.
       Link:
         C:\Program Files (x86)\Microsoft Visual Studio 10.0\VC\bin\x86_amd64\link.exe /ERRORREPORT:PROMPT /OUT:"C:\Users\Urmimala\Desktop\Thesis\Fourth Phase - Programming\Programs\Introduction\Build\Debug\HelloWorld.exe" /INCREMENTAL /NOLOGO kernel32.lib user32.lib gdi32.lib winspool.lib shell32.lib ole32.lib oleaut32.lib uuid.lib comdlg32.lib advapi32.lib C:\OpenCV\Build\lib\Debug\opencv_calib3d246d.lib C:\OpenCV\Build\lib\Debug\opencv_contrib246d.lib C:\OpenCV\Build\lib\Debug\opencv_core246d.lib C:\OpenCV\Build\lib\Debug\opencv_features2d246d.lib C:\OpenCV\Build\lib\Debug\opencv_flann246d.lib C:\OpenCV\Build\lib\Debug\opencv_gpu246d.lib C:\OpenCV\Build\lib\Debug\opencv_highgui246d.lib C:\OpenCV\Build\lib\Debug\opencv_imgproc246d.lib C:\OpenCV\Build\lib\Debug\opencv_legacy246d.lib C:\OpenCV\Build\lib\Debug\opencv_ml246d.lib C:\OpenCV\Build\lib\Debug\opencv_nonfree246d.lib C:\OpenCV\Build\lib\Debug\opencv_objdetect246d.lib C:\OpenCV\Build\lib\Debug\opencv_photo246d.lib C:\OpenCV\Build\lib\Debug\opencv_stitching246d.lib C:\OpenCV\Build\lib\Debug\opencv_superres246d.lib C:\OpenCV\Build\lib\Debug\opencv_ts246d.lib C:\OpenCV\Build\lib\Debug\opencv_video246d.lib C:\OpenCV\Build\lib\Debug\opencv_videostab246d.lib /MANIFEST /ManifestFile:"HelloWorld.dir\Debug\HelloWorld.exe.intermediate.manifest" /MANIFESTUAC:"level='asInvoker' uiAccess='false'" /DEBUG /PDB:"C:/Users/Urmimala/Desktop/Thesis/Fourth Phase - Programming/Programs/Introduction/Build/Debug/HelloWorld.pdb" /SUBSYSTEM:CONSOLE /STACK:"10000000" /TLBID:1 /DYNAMICBASE /NXCOMPAT /IMPLIB:"C:/Users/Urmimala/Desktop/Thesis/Fourth Phase - Programming/Programs/Introduction/Build/Debug/HelloWorld.lib" /MACHINE:X64 HelloWorld.dir\Debug\HelloWorld.exe.embed.manifest.res
         HelloWorld.dir\Debug\HelloWorld.obj  /machine:x64 /debug 
         HelloWorld.vcxproj -> C:\Users\Urmimala\Desktop\Thesis\Fourth Phase - Programming\Programs\Introduction\Build\Debug\HelloWorld.exe
       Manifest:
         C:\Program Files (x86)\Microsoft SDKs\Windows\v7.0A\bin\mt.exe /nologo /verbose /out:"HelloWorld.dir\Debug\HelloWorld.exe.embed.manifest" /manifest HelloWorld.dir\Debug\HelloWorld.exe.intermediate.manifest
         All outputs are up-to-date.
       LinkEmbedManifest:
         All outputs are up-to-date.
         HelloWorld.vcxproj -> C:\Users\Urmimala\Desktop\Thesis\Fourth Phase - Programming\Programs\Introduction\Build\Debug\HelloWorld.exe
       FinalizeBuildStatus:
         Deleting file "HelloWorld.dir\Debug\HelloWorld.unsuccessfulbuild".
         Touching "HelloWorld.dir\Debug\HelloWorld.lastbuildstate".
     1>Done Building Project "C:\Users\Urmimala\Desktop\Thesis\Fourth Phase - Programming\Programs\Introduction\Build\HelloWorld.vcxproj" (build target(s)).

Build succeeded.

Time Elapsed 00:00:02.17
